# JRE version: OpenJDK Runtime Environment Temurin-21.0.9+10 (21.0.9+10) (build 21.0.9+10-LTS)
# Java VM: OpenJDK 64-Bit Server VM Temurin-21.0.9+10 (21.0.9+10-LTS, mixed mode, sharing, tiered, compressed oops, compressed class ptrs, parallel gc, windows-amd64)
GC Precious Log:
 CardTable entry size: 512
 CPUs: 12 total, 12 available
 Memory: 8116M
 Large Page Support: Disabled
 NUMA Support: Disabled
 Compressed Oops: Enabled (32-bit)
 Alignments: Space 512K, Generation 512K, Heap 2M
 Heap Min Capacity: 100M
 Heap Initial Capacity: 100M
 Heap Max Capacity: 2G
 Pre-touch: Disabled
 Parallel Workers: 10
Heap:
 PSYoungGen      total 9728K, used 4052K [0x00000000d5580000, 0x00000000d6200000, 0x0000000100000000)
  eden space 9216K, 40% used [0x00000000d5580000,0x00000000d5925348,0x00000000d5e80000)
  from space 512K, 62% used [0x00000000d6100000,0x00000000d6150000,0x00000000d6180000)
  to   space 512K, 0% used [0x00000000d6180000,0x00000000d6180000,0x00000000d6200000)
 ParOldGen       total 598528K, used 481773K [0x0000000080000000, 0x00000000a4880000, 0x00000000d5580000)
  object space 598528K, 80% used [0x0000000080000000,0x000000009d67b4c0,0x00000000a4880000)
 Metaspace       used 80252K, committed 81920K, reserved 1179648K
  class space    used 8098K, committed 8832K, reserved 1048576K
GC Heap History (20 events):
Event: 6284.155 GC heap before
{Heap before GC invocations=892 (full 4):
 PSYoungGen      total 11264K, used 10794K [0x00000000d5580000, 0x00000000d6780000, 0x0000000100000000)
  eden space 7680K, 99% used [0x00000000d5580000,0x00000000d5cfe848,0x00000000d5d00000)
  from space 3584K, 87% used [0x00000000d5d00000,0x00000000d600c200,0x00000000d6080000)
  to   space 4608K, 0% used [0x00000000d6300000,0x00000000d6300000,0x00000000d6780000)
 ParOldGen       total 598528K, used 476916K [0x0000000080000000, 0x00000000a4880000, 0x00000000d5580000)
  object space 598528K, 79% used [0x0000000080000000,0x000000009d1bd2c8,0x00000000a4880000)
 Metaspace       used 80036K, committed 81728K, reserved 1179648K
  class space    used 8096K, committed 8832K, reserved 1048576K
}
Event: 6284.164 GC heap after
{Heap after GC invocations=892 (full 4):
 PSYoungGen      total 13824K, used 4240K [0x00000000d5580000, 0x00000000d6780000, 0x0000000100000000)
  eden space 9216K, 0% used [0x00000000d5580000,0x00000000d5580000,0x00000000d5e80000)
  from space 4608K, 92% used [0x00000000d6300000,0x00000000d67242b8,0x00000000d6780000)
  to   space 4608K, 0% used [0x00000000d5e80000,0x00000000d5e80000,0x00000000d6300000)
 ParOldGen       total 598528K, used 479825K [0x0000000080000000, 0x00000000a4880000, 0x00000000d5580000)
  object space 598528K, 80% used [0x0000000080000000,0x000000009d4947c0,0x00000000a4880000)
 Metaspace       used 80036K, committed 81728K, reserved 1179648K
  class space    used 8096K, committed 8832K, reserved 1048576K
}
Event: 7984.210 GC heap before
{Heap before GC invocations=893 (full 4):
 PSYoungGen      total 13824K, used 13456K [0x00000000d5580000, 0x00000000d6780000, 0x0000000100000000)
  eden space 9216K, 99% used [0x00000000d5580000,0x00000000d5e7fff0,0x00000000d5e80000)
  from space 4608K, 92% used [0x00000000d6300000,0x00000000d67242b8,0x00000000d6780000)
  to   space 4608K, 0% used [0x00000000d5e80000,0x00000000d5e80000,0x00000000d6300000)
 ParOldGen       total 598528K, used 479825K [0x0000000080000000, 0x00000000a4880000, 0x00000000d5580000)
  object space 598528K, 80% used [0x0000000080000000,0x000000009d4947c0,0x00000000a4880000)
 Metaspace       used 80087K, committed 81728K, reserved 1179648K
  class space    used 8096K, committed 8832K, reserved 1048576K
}
Event: 7984.364 GC heap after
{Heap after GC invocations=893 (full 4):
 PSYoungGen      total 9728K, used 416K [0x00000000d5580000, 0x00000000d6380000, 0x0000000100000000)
  eden space 9216K, 0% used [0x00000000d5580000,0x00000000d5580000,0x00000000d5e80000)
  from space 512K, 81% used [0x00000000d5e80000,0x00000000d5ee8000,0x00000000d5f00000)
  to   space 2048K, 0% used [0x00000000d6180000,0x00000000d6180000,0x00000000d6380000)
 ParOldGen       total 598528K, used 481277K [0x0000000080000000, 0x00000000a4880000, 0x00000000d5580000)
  object space 598528K, 80% used [0x0000000080000000,0x000000009d5ff4c0,0x00000000a4880000)
 Metaspace       used 80087K, committed 81728K, reserved 1179648K
  class space    used 8096K, committed 8832K, reserved 1048576K
}
Event: 8056.741 GC heap before
{Heap before GC invocations=894 (full 4):
 PSYoungGen      total 9728K, used 9632K [0x00000000d5580000, 0x00000000d6380000, 0x0000000100000000)
  eden space 9216K, 100% used [0x00000000d5580000,0x00000000d5e80000,0x00000000d5e80000)
  from space 512K, 81% used [0x00000000d5e80000,0x00000000d5ee8000,0x00000000d5f00000)
  to   space 2048K, 0% used [0x00000000d6180000,0x00000000d6180000,0x00000000d6380000)
 ParOldGen       total 598528K, used 481277K [0x0000000080000000, 0x00000000a4880000, 0x00000000d5580000)
  object space 598528K, 80% used [0x0000000080000000,0x000000009d5ff4c0,0x00000000a4880000)
 Metaspace       used 80101K, committed 81792K, reserved 1179648K
  class space    used 8096K, committed 8832K, reserved 1048576K
}
Event: 8056.745 GC heap after
{Heap after GC invocations=894 (full 4):
 PSYoungGen      total 9728K, used 384K [0x00000000d5580000, 0x00000000d6200000, 0x0000000100000000)
  eden space 9216K, 0% used [0x00000000d5580000,0x00000000d5580000,0x00000000d5e80000)
  from space 512K, 75% used [0x00000000d6180000,0x00000000d61e0000,0x00000000d6200000)
  to   space 1024K, 0% used [0x00000000d6000000,0x00000000d6000000,0x00000000d6100000)
 ParOldGen       total 598528K, used 481357K [0x0000000080000000, 0x00000000a4880000, 0x00000000d5580000)
  object space 598528K, 80% used [0x0000000080000000,0x000000009d6134c0,0x00000000a4880000)
 Metaspace       used 80101K, committed 81792K, reserved 1179648K
  class space    used 8096K, committed 8832K, reserved 1048576K
}
Event: 8284.059 GC heap before
{Heap before GC invocations=895 (full 4):
 PSYoungGen      total 9728K, used 9600K [0x00000000d5580000, 0x00000000d6200000, 0x0000000100000000)
  eden space 9216K, 100% used [0x00000000d5580000,0x00000000d5e80000,0x00000000d5e80000)
  from space 512K, 75% used [0x00000000d6180000,0x00000000d61e0000,0x00000000d6200000)
  to   space 1024K, 0% used [0x00000000d6000000,0x00000000d6000000,0x00000000d6100000)
 ParOldGen       total 598528K, used 481357K [0x0000000080000000, 0x00000000a4880000, 0x00000000d5580000)
  object space 598528K, 80% used [0x0000000080000000,0x000000009d6134c0,0x00000000a4880000)
 Metaspace       used 80129K, committed 81792K, reserved 1179648K
  class space    used 8096K, committed 8832K, reserved 1048576K
}
Event: 8284.063 GC heap after
{Heap after GC invocations=895 (full 4):
 PSYoungGen      total 10240K, used 384K [0x00000000d5580000, 0x00000000d6200000, 0x0000000100000000)
  eden space 9216K, 0% used [0x00000000d5580000,0x00000000d5580000,0x00000000d5e80000)
  from space 1024K, 37% used [0x00000000d6000000,0x00000000d6060000,0x00000000d6100000)
  to   space 512K, 0% used [0x00000000d6180000,0x00000000d6180000,0x00000000d6200000)
 ParOldGen       total 598528K, used 481397K [0x0000000080000000, 0x00000000a4880000, 0x00000000d5580000)
  object space 598528K, 80% used [0x0000000080000000,0x000000009d61d4c0,0x00000000a4880000)
 Metaspace       used 80129K, committed 81792K, reserved 1179648K
  class space    used 8096K, committed 8832K, reserved 1048576K
}
Event: 13153.940 GC heap before
{Heap before GC invocations=896 (full 4):
 PSYoungGen      total 10240K, used 9600K [0x00000000d5580000, 0x00000000d6200000, 0x0000000100000000)
  eden space 9216K, 100% used [0x00000000d5580000,0x00000000d5e80000,0x00000000d5e80000)
  from space 1024K, 37% used [0x00000000d6000000,0x00000000d6060000,0x00000000d6100000)
  to   space 512K, 0% used [0x00000000d6180000,0x00000000d6180000,0x00000000d6200000)
 ParOldGen       total 598528K, used 481397K [0x0000000080000000, 0x00000000a4880000, 0x00000000d5580000)
  object space 598528K, 80% used [0x0000000080000000,0x000000009d61d4c0,0x00000000a4880000)
 Metaspace       used 80157K, committed 81792K, reserved 1179648K
  class space    used 8096K, committed 8832K, reserved 1048576K
}
Event: 13154.069 GC heap after
{Heap after GC invocations=896 (full 4):
 PSYoungGen      total 9728K, used 352K [0x00000000d5580000, 0x00000000d6200000, 0x0000000100000000)
  eden space 9216K, 0% used [0x00000000d5580000,0x00000000d5580000,0x00000000d5e80000)
  from space 512K, 68% used [0x00000000d6180000,0x00000000d61d8000,0x00000000d6200000)
  to   space 512K, 0% used [0x00000000d6100000,0x00000000d6100000,0x00000000d6180000)
 ParOldGen       total 598528K, used 481461K [0x0000000080000000, 0x00000000a4880000, 0x00000000d5580000)
  object space 598528K, 80% used [0x0000000080000000,0x000000009d62d4c0,0x00000000a4880000)
 Metaspace       used 80157K, committed 81792K, reserved 1179648K
  class space    used 8096K, committed 8832K, reserved 1048576K
}
Event: 13846.971 GC heap before
{Heap before GC invocations=897 (full 4):
 PSYoungGen      total 9728K, used 9568K [0x00000000d5580000, 0x00000000d6200000, 0x0000000100000000)
  eden space 9216K, 100% used [0x00000000d5580000,0x00000000d5e80000,0x00000000d5e80000)
  from space 512K, 68% used [0x00000000d6180000,0x00000000d61d8000,0x00000000d6200000)
  to   space 512K, 0% used [0x00000000d6100000,0x00000000d6100000,0x00000000d6180000)
 ParOldGen       total 598528K, used 481461K [0x0000000080000000, 0x00000000a4880000, 0x00000000d5580000)
  object space 598528K, 80% used [0x0000000080000000,0x000000009d62d4c0,0x00000000a4880000)
 Metaspace       used 80191K, committed 81856K, reserved 1179648K
  class space    used 8098K, committed 8832K, reserved 1048576K
}
Event: 13846.997 GC heap after
{Heap after GC invocations=897 (full 4):
 PSYoungGen      total 9728K, used 416K [0x00000000d5580000, 0x00000000d6200000, 0x0000000100000000)
  eden space 9216K, 0% used [0x00000000d5580000,0x00000000d5580000,0x00000000d5e80000)
  from space 512K, 81% used [0x00000000d6100000,0x00000000d6168000,0x00000000d6180000)
  to   space 512K, 0% used [0x00000000d6180000,0x00000000d6180000,0x00000000d6200000)
 ParOldGen       total 598528K, used 481525K [0x0000000080000000, 0x00000000a4880000, 0x00000000d5580000)
  object space 598528K, 80% used [0x0000000080000000,0x000000009d63d4c0,0x00000000a4880000)
 Metaspace       used 80191K, committed 81856K, reserved 1179648K
  class space    used 8098K, committed 8832K, reserved 1048576K
}
Event: 13896.646 GC heap before
{Heap before GC invocations=898 (full 4):
 PSYoungGen      total 9728K, used 9632K [0x00000000d5580000, 0x00000000d6200000, 0x0000000100000000)
  eden space 9216K, 100% used [0x00000000d5580000,0x00000000d5e80000,0x00000000d5e80000)
  from space 512K, 81% used [0x00000000d6100000,0x00000000d6168000,0x00000000d6180000)
  to   space 512K, 0% used [0x00000000d6180000,0x00000000d6180000,0x00000000d6200000)
 ParOldGen       total 598528K, used 481525K [0x0000000080000000, 0x00000000a4880000, 0x00000000d5580000)
  object space 598528K, 80% used [0x0000000080000000,0x000000009d63d4c0,0x00000000a4880000)
 Metaspace       used 80215K, committed 81856K, reserved 1179648K
  class space    used 8098K, committed 8832K, reserved 1048576K
}
Event: 13896.650 GC heap after
{Heap after GC invocations=898 (full 4):
 PSYoungGen      total 9728K, used 448K [0x00000000d5580000, 0x00000000d6200000, 0x0000000100000000)
  eden space 9216K, 0% used [0x00000000d5580000,0x00000000d5580000,0x00000000d5e80000)
  from space 512K, 87% used [0x00000000d6180000,0x00000000d61f0000,0x00000000d6200000)
  to   space 512K, 0% used [0x00000000d6100000,0x00000000d6100000,0x00000000d6180000)
 ParOldGen       total 598528K, used 481589K [0x0000000080000000, 0x00000000a4880000, 0x00000000d5580000)
  object space 598528K, 80% used [0x0000000080000000,0x000000009d64d4c0,0x00000000a4880000)
 Metaspace       used 80215K, committed 81856K, reserved 1179648K
  class space    used 8098K, committed 8832K, reserved 1048576K
}
Event: 14187.046 GC heap before
{Heap before GC invocations=899 (full 4):
 PSYoungGen      total 9728K, used 9664K [0x00000000d5580000, 0x00000000d6200000, 0x0000000100000000)
  eden space 9216K, 100% used [0x00000000d5580000,0x00000000d5e80000,0x00000000d5e80000)
  from space 512K, 87% used [0x00000000d6180000,0x00000000d61f0000,0x00000000d6200000)
  to   space 512K, 0% used [0x00000000d6100000,0x00000000d6100000,0x00000000d6180000)
 ParOldGen       total 598528K, used 481589K [0x0000000080000000, 0x00000000a4880000, 0x00000000d5580000)
  object space 598528K, 80% used [0x0000000080000000,0x000000009d64d4c0,0x00000000a4880000)
 Metaspace       used 80222K, committed 81856K, reserved 1179648K
  class space    used 8098K, committed 8832K, reserved 1048576K
}
Event: 14187.052 GC heap after
{Heap after GC invocations=899 (full 4):
 PSYoungGen      total 9728K, used 416K [0x00000000d5580000, 0x00000000d6200000, 0x0000000100000000)
  eden space 9216K, 0% used [0x00000000d5580000,0x00000000d5580000,0x00000000d5e80000)
  from space 512K, 81% used [0x00000000d6100000,0x00000000d6168000,0x00000000d6180000)
  to   space 512K, 0% used [0x00000000d6180000,0x00000000d6180000,0x00000000d6200000)
 ParOldGen       total 598528K, used 481629K [0x0000000080000000, 0x00000000a4880000, 0x00000000d5580000)
  object space 598528K, 80% used [0x0000000080000000,0x000000009d6574c0,0x00000000a4880000)
 Metaspace       used 80222K, committed 81856K, reserved 1179648K
  class space    used 8098K, committed 8832K, reserved 1048576K
}
Event: 14234.467 GC heap before
{Heap before GC invocations=900 (full 4):
 PSYoungGen      total 9728K, used 9632K [0x00000000d5580000, 0x00000000d6200000, 0x0000000100000000)
  eden space 9216K, 100% used [0x00000000d5580000,0x00000000d5e80000,0x00000000d5e80000)
  from space 512K, 81% used [0x00000000d6100000,0x00000000d6168000,0x00000000d6180000)
  to   space 512K, 0% used [0x00000000d6180000,0x00000000d6180000,0x00000000d6200000)
 ParOldGen       total 598528K, used 481629K [0x0000000080000000, 0x00000000a4880000, 0x00000000d5580000)
  object space 598528K, 80% used [0x0000000080000000,0x000000009d6574c0,0x00000000a4880000)
 Metaspace       used 80239K, committed 81920K, reserved 1179648K
  class space    used 8098K, committed 8832K, reserved 1048576K
}
Event: 14234.476 GC heap after
{Heap after GC invocations=900 (full 4):
 PSYoungGen      total 9728K, used 384K [0x00000000d5580000, 0x00000000d6200000, 0x0000000100000000)
  eden space 9216K, 0% used [0x00000000d5580000,0x00000000d5580000,0x00000000d5e80000)
  from space 512K, 75% used [0x00000000d6180000,0x00000000d61e0000,0x00000000d6200000)
  to   space 512K, 0% used [0x00000000d6100000,0x00000000d6100000,0x00000000d6180000)
 ParOldGen       total 598528K, used 481701K [0x0000000080000000, 0x00000000a4880000, 0x00000000d5580000)
  object space 598528K, 80% used [0x0000000080000000,0x000000009d6694c0,0x00000000a4880000)
 Metaspace       used 80239K, committed 81920K, reserved 1179648K
  class space    used 8098K, committed 8832K, reserved 1048576K
}
Event: 14311.218 GC heap before
{Heap before GC invocations=901 (full 4):
 PSYoungGen      total 9728K, used 9599K [0x00000000d5580000, 0x00000000d6200000, 0x0000000100000000)
  eden space 9216K, 99% used [0x00000000d5580000,0x00000000d5e7ffc8,0x00000000d5e80000)
  from space 512K, 75% used [0x00000000d6180000,0x00000000d61e0000,0x00000000d6200000)
  to   space 512K, 0% used [0x00000000d6100000,0x00000000d6100000,0x00000000d6180000)
 ParOldGen       total 598528K, used 481701K [0x0000000080000000, 0x00000000a4880000, 0x00000000d5580000)
  object space 598528K, 80% used [0x0000000080000000,0x000000009d6694c0,0x00000000a4880000)
 Metaspace       used 80250K, committed 81920K, reserved 1179648K
  class space    used 8098K, committed 8832K, reserved 1048576K
}
Event: 14311.221 GC heap after
{Heap after GC invocations=901 (full 4):
 PSYoungGen      total 9728K, used 320K [0x00000000d5580000, 0x00000000d6200000, 0x0000000100000000)
  eden space 9216K, 0% used [0x00000000d5580000,0x00000000d5580000,0x00000000d5e80000)
  from space 512K, 62% used [0x00000000d6100000,0x00000000d6150000,0x00000000d6180000)
  to   space 512K, 0% used [0x00000000d6180000,0x00000000d6180000,0x00000000d6200000)
 ParOldGen       total 598528K, used 481773K [0x0000000080000000, 0x00000000a4880000, 0x00000000d5580000)
  object space 598528K, 80% used [0x0000000080000000,0x000000009d67b4c0,0x00000000a4880000)
 Metaspace       used 80250K, committed 81920K, reserved 1179648K
  class space    used 8098K, committed 8832K, reserved 1048576K
}

